<?xml version="1.0" encoding="UTF-8"?>
<testsuite name="com.yb.project.springboot.web.dto.HelloResponseDtoTest" tests="1" skipped="0" failures="0" errors="0" timestamp="2020-02-04T08:49:57" hostname="DESKTOP-8KGP5ND" time="0.176">
  <properties/>
  <testcase name="롬복_기능_테스트" classname="com.yb.project.springboot.web.dto.HelloResponseDtoTest" time="0.176"/>
  <system-out><![CDATA[]]></system-out>
  <system-err><![CDATA[]]></system-err>
</testsuite>
